<?xml version="1.0" encoding="UTF-8"?>
<testsuite xmlns:xsi="http://www.w3.org/2001/XMLSchema-instance" xsi:noNamespaceSchemaLocation="https://maven.apache.org/surefire/maven-surefire-plugin/xsd/surefire-test-report.xsd" name="prime.PrimeUnitTest" time="0.167" tests="19" errors="0" skipped="0" failures="0">
  <properties>
    <property name="gopherProxySet" value="false"/>
    <property name="awt.toolkit" value="sun.lwawt.macosx.LWCToolkit"/>
    <property name="file.encoding.pkg" value="sun.io"/>
    <property name="java.specification.version" value="1.8"/>
    <property name="sun.cpu.isalist" value=""/>
    <property name="sun.jnu.encoding" value="UTF-8"/>
    <property name="java.class.path" value="/Users/mark/Desktop/main/dev/Java/PrimeNumber/target/test-classes:/Users/mark/Desktop/main/dev/Java/PrimeNumber/target/classes:/Users/mark/.m2/repository/junit/junit/4.11/junit-4.11.jar:/Users/mark/.m2/repository/org/hamcrest/hamcrest-core/1.3/hamcrest-core-1.3.jar:/Users/mark/.m2/repository/log4j/log4j/1.2.17/log4j-1.2.17.jar:"/>
    <property name="java.vm.vendor" value="Oracle Corporation"/>
    <property name="sun.arch.data.model" value="64"/>
    <property name="java.vendor.url" value="http://java.oracle.com/"/>
    <property name="user.timezone" value=""/>
    <property name="java.vm.specification.version" value="1.8"/>
    <property name="os.name" value="Mac OS X"/>
    <property name="user.country" value="CA"/>
    <property name="sun.java.launcher" value="SUN_STANDARD"/>
    <property name="sun.boot.library.path" value="/Library/Java/JavaVirtualMachines/jdk1.8.0_73.jdk/Contents/Home/jre/lib"/>
    <property name="sun.java.command" value="/Users/mark/Desktop/main/dev/Java/PrimeNumber/target/surefire/surefirebooter1379575259351826874.jar /Users/mark/Desktop/main/dev/Java/PrimeNumber/target/surefire 2020-03-28T01-22-07_708-jvmRun1 surefire2307629007795832000tmp surefire_08047575618750688529tmp"/>
    <property name="http.nonProxyHosts" value="local|*.local|169.254/16|*.169.254/16"/>
    <property name="surefire.test.class.path" value="/Users/mark/Desktop/main/dev/Java/PrimeNumber/target/test-classes:/Users/mark/Desktop/main/dev/Java/PrimeNumber/target/classes:/Users/mark/.m2/repository/junit/junit/4.11/junit-4.11.jar:/Users/mark/.m2/repository/org/hamcrest/hamcrest-core/1.3/hamcrest-core-1.3.jar:/Users/mark/.m2/repository/log4j/log4j/1.2.17/log4j-1.2.17.jar:"/>
    <property name="sun.cpu.endian" value="little"/>
    <property name="user.home" value="/Users/mark"/>
    <property name="user.language" value="en"/>
    <property name="java.specification.vendor" value="Oracle Corporation"/>
    <property name="java.home" value="/Library/Java/JavaVirtualMachines/jdk1.8.0_73.jdk/Contents/Home/jre"/>
    <property name="basedir" value="/Users/mark/Desktop/main/dev/Java/PrimeNumber"/>
    <property name="file.separator" value="/"/>
    <property name="line.separator" value="&#10;"/>
    <property name="java.vm.specification.vendor" value="Oracle Corporation"/>
    <property name="java.specification.name" value="Java Platform API Specification"/>
    <property name="java.awt.graphicsenv" value="sun.awt.CGraphicsEnvironment"/>
    <property name="surefire.real.class.path" value="/Users/mark/Desktop/main/dev/Java/PrimeNumber/target/surefire/surefirebooter1379575259351826874.jar"/>
    <property name="sun.boot.class.path" value="/Library/Java/JavaVirtualMachines/jdk1.8.0_73.jdk/Contents/Home/jre/lib/resources.jar:/Library/Java/JavaVirtualMachines/jdk1.8.0_73.jdk/Contents/Home/jre/lib/rt.jar:/Library/Java/JavaVirtualMachines/jdk1.8.0_73.jdk/Contents/Home/jre/lib/sunrsasign.jar:/Library/Java/JavaVirtualMachines/jdk1.8.0_73.jdk/Contents/Home/jre/lib/jsse.jar:/Library/Java/JavaVirtualMachines/jdk1.8.0_73.jdk/Contents/Home/jre/lib/jce.jar:/Library/Java/JavaVirtualMachines/jdk1.8.0_73.jdk/Contents/Home/jre/lib/charsets.jar:/Library/Java/JavaVirtualMachines/jdk1.8.0_73.jdk/Contents/Home/jre/lib/jfr.jar:/Library/Java/JavaVirtualMachines/jdk1.8.0_73.jdk/Contents/Home/jre/classes"/>
    <property name="sun.management.compiler" value="HotSpot 64-Bit Tiered Compilers"/>
    <property name="ftp.nonProxyHosts" value="local|*.local|169.254/16|*.169.254/16"/>
    <property name="java.runtime.version" value="1.8.0_73-b02"/>
    <property name="user.name" value="mark"/>
    <property name="path.separator" value=":"/>
    <property name="os.version" value="10.15.3"/>
    <property name="java.endorsed.dirs" value="/Library/Java/JavaVirtualMachines/jdk1.8.0_73.jdk/Contents/Home/jre/lib/endorsed"/>
    <property name="java.runtime.name" value="Java(TM) SE Runtime Environment"/>
    <property name="file.encoding" value="UTF-8"/>
    <property name="java.vm.name" value="Java HotSpot(TM) 64-Bit Server VM"/>
    <property name="localRepository" value="/Users/mark/.m2/repository"/>
    <property name="java.vendor.url.bug" value="http://bugreport.sun.com/bugreport/"/>
    <property name="java.io.tmpdir" value="/var/folders/2n/v_c1cxms629_y6s6zcp2h52h0000gn/T/"/>
    <property name="idea.version" value="2016.2.4"/>
    <property name="java.version" value="1.8.0_73"/>
    <property name="user.dir" value="/Users/mark/Desktop/main/dev/Java/PrimeNumber"/>
    <property name="os.arch" value="x86_64"/>
    <property name="java.vm.specification.name" value="Java Virtual Machine Specification"/>
    <property name="java.awt.printerjob" value="sun.lwawt.macosx.CPrinterJob"/>
    <property name="sun.os.patch.level" value="unknown"/>
    <property name="java.library.path" value="/Users/mark/Library/Java/Extensions:/Library/Java/Extensions:/Network/Library/Java/Extensions:/System/Library/Java/Extensions:/usr/lib/java:."/>
    <property name="java.vm.info" value="mixed mode"/>
    <property name="java.vendor" value="Oracle Corporation"/>
    <property name="java.vm.version" value="25.73-b02"/>
    <property name="java.ext.dirs" value="/Users/mark/Library/Java/Extensions:/Library/Java/JavaVirtualMachines/jdk1.8.0_73.jdk/Contents/Home/jre/lib/ext:/Library/Java/Extensions:/Network/Library/Java/Extensions:/System/Library/Java/Extensions:/usr/lib/java"/>
    <property name="sun.io.unicode.encoding" value="UnicodeBig"/>
    <property name="java.class.version" value="52.0"/>
    <property name="socksNonProxyHosts" value="local|*.local|169.254/16|*.169.254/16"/>
  </properties>
  <testcase name="testSumOfDigitsWithEleven" classname="prime.PrimeUnitTest" time="0"/>
  <testcase name="testFindSmallestWithThreeZeroes" classname="prime.PrimeUnitTest" time="0.006"/>
  <testcase name="testFindSmallestWithElevenZeroes" classname="prime.PrimeUnitTest" time="0.053"/>
  <testcase name="testIsSixtyOnePrime" classname="prime.PrimeUnitTest" time="0"/>
  <testcase name="testSimpleDoubleAddition" classname="prime.PrimeUnitTest" time="0"/>
  <testcase name="testFindSmallestWithTwoZeroes" classname="prime.PrimeUnitTest" time="0.002"/>
  <testcase name="testFindSmallestWithNineZeroes" classname="prime.PrimeUnitTest" time="0.019"/>
  <testcase name="testBigIntegerAdditionA" classname="prime.PrimeUnitTest" time="0"/>
  <testcase name="testBigIntegerAdditionB" classname="prime.PrimeUnitTest" time="0.002"/>
  <testcase name="testInitiateThreads" classname="prime.PrimeUnitTest" time="0.003"/>
  <testcase name="testIsFiftyPrime" classname="prime.PrimeUnitTest" time="0"/>
  <testcase name="testSumOfDigitsWithFiveNines" classname="prime.PrimeUnitTest" time="0"/>
  <testcase name="testComplexDoubleAddition" classname="prime.PrimeUnitTest" time="0"/>
  <testcase name="testSmallestWithTwoZeroes" classname="prime.PrimeUnitTest" time="0"/>
  <testcase name="testFindSmallestWithFourZeroes" classname="prime.PrimeUnitTest" time="0.005"/>
  <testcase name="testMutation" classname="prime.PrimeUnitTest" time="0.001"/>
  <testcase name="testIsPrime" classname="prime.PrimeUnitTest" time="0.023"/>
  <testcase name="testFindSmallestWithTenZeroes" classname="prime.PrimeUnitTest" time="0.016"/>
  <testcase name="testIsSevenPrime" classname="prime.PrimeUnitTest" time="0"/>
</testsuite>